<?xml version="1.0" encoding="UTF-8"?>
<!-- Generated by org.testng.reporters.JUnitReportReporter -->
<testsuite hostname="DESKTOP-6CO4DGA" failures="0" tests="1" name="com.inetBankingV.testCases.TC_AddNewCostomer_003" time="14.560" errors="0" timestamp="2024-06-25T12:13:39 IST" skipped="0">
  <testcase classname="com.inetBankingV.testCases.TC_AddNewCostomer_003" name="addnewCustomer" time="14.560"/>
  <system-out/>
</testsuite> <!-- com.inetBankingV.testCases.TC_AddNewCostomer_003 -->
