<?xml version="1.0" encoding="UTF-8"?>
<!-- Generated by org.testng.reporters.JUnitReportReporter -->
<testsuite hostname="DESKTOP-6CO4DGA" failures="0" tests="1" name="com.inetBankingV.testCases.TC_EditCustomer_004" time="13.025" errors="0" timestamp="2024-06-25T12:13:39 IST" skipped="0">
  <testcase classname="com.inetBankingV.testCases.TC_EditCustomer_004" name="editCustomer" time="13.025"/>
  <system-out/>
</testsuite> <!-- com.inetBankingV.testCases.TC_EditCustomer_004 -->
