<?xml version="1.0" encoding="UTF-8"?>
<!-- Generated by org.testng.reporters.JUnitReportReporter -->
<testsuite hostname="DESKTOP-6CO4DGA" failures="0" tests="1" name="com.inetBankingV.testCases.TC_LoginTest_001" time="5.455" errors="0" timestamp="2024-06-22T17:44:14 IST" skipped="0">
  <testcase classname="com.inetBankingV.testCases.TC_LoginTest_001" name="loginTest" time="5.455"/>
</testsuite> <!-- com.inetBankingV.testCases.TC_LoginTest_001 -->
