<?xml version="1.0" encoding="UTF-8"?>
<!-- Generated by org.testng.reporters.JUnitReportReporter -->
<testsuite hostname="DESKTOP-6CO4DGA" failures="0" tests="1" name="com.inetBankingV.testCases.TC_EditCustomer_004" time="9.344" errors="0" timestamp="2024-06-24T15:29:23 IST" skipped="0">
  <testcase classname="com.inetBankingV.testCases.TC_EditCustomer_004" name="editCustomer" time="9.344"/>
</testsuite> <!-- com.inetBankingV.testCases.TC_EditCustomer_004 -->
