<?xml version="1.0" encoding="UTF-8"?>
<!-- Generated by org.testng.reporters.JUnitReportReporter -->
<testsuite hostname="DESKTOP-6CO4DGA" failures="0" tests="1" name="com.inetBankingV.testCases.TC_AddNewCostomer_003" time="12.517" errors="0" timestamp="2024-06-22T17:44:14 IST" skipped="0">
  <testcase classname="com.inetBankingV.testCases.TC_AddNewCostomer_003" name="addnewCustomer" time="12.517"/>
</testsuite> <!-- com.inetBankingV.testCases.TC_AddNewCostomer_003 -->
